<?xml version="1.0" encoding="UTF-8"?>
<!-- Generated by org.testng.reporters.JUnitXMLReporter -->
<testsuite ignored="2" hostname="Dharshan_jm" failures="0" tests="5" name="Testrunner-chrome" time="110.325" errors="0" timestamp="2024-08-12T14:16:23 IST">
  <testcase classname="Testng_package.CreateOrgTest" name="Org_1_test" time="26.31"/>
  <testcase classname="Testng_package.CreateOrgTest" name="org_2_test" time="7.183"/>
  <testcase classname="Testng_package.CreateContactTest" name="OrgwithContacttest" time="16.381"/>
  <testcase classname="Testng_package.CreateContactTest" name="createTest" time="9.718"/>
  <testcase classname="Testng_package.CreateContactTest" name="createcontacttest" time="6.741"/>
  <testcase classname="Testng_package.BaseClass" name="@BeforeSuite configBS" time="0.0">
    <ignored/>
  </testcase> <!-- @BeforeSuite configBS -->
  <testcase classname="Testng_package.BaseClass" name="@AfterSuite configAS" time="0.0">
    <ignored/>
  </testcase> <!-- @AfterSuite configAS -->
</testsuite> <!-- Testrunner-chrome -->
