<?xml version="1.0" encoding="UTF-8"?>
<!-- Generated by org.testng.reporters.JUnitXMLReporter -->
<testsuite ignored="0" hostname="Dharshan_jm" failures="0" tests="3" name="Test" time="50.426" errors="0" timestamp="2024-08-19T16:51:03 IST">
  <testcase classname="Testng_package.CreateContactTest" name="OrgwithContacttest" time="13.697"/>
  <testcase classname="Testng_package.CreateContactTest" name="createTest" time="8.489"/>
  <testcase classname="Testng_package.CreateContactTest" name="createcontacttest" time="5.467"/>
</testsuite> <!-- Test -->
